<?xml version="1.0" encoding="UTF-8"?>
<!-- Generated by org.testng.reporters.JUnitReportReporter -->
<testsuite hostname="DESKTOP-9HB5M8C" failures="0" tests="1" name="com.parameters.PathparameterUsingGitTest" time="8.583" errors="0" timestamp="2021-07-31T12:53:14 IST" skipped="0">
  <testcase classname="com.parameters.PathparameterUsingGitTest" name="parameter" time="8.583"/>
  <system-out/>
</testsuite> <!-- com.parameters.PathparameterUsingGitTest -->
