<?xml version="1.0" encoding="UTF-8"?>
<!-- Generated by org.testng.reporters.JUnitReportReporter -->
<testsuite hostname="DESKTOP-9HB5M8C" failures="0" tests="1" name="com.parameters.PathParameterTest" time="3.413" errors="0" timestamp="2021-07-31T22:44:46 IST" skipped="0">
  <testcase classname="com.parameters.PathParameterTest" name="parameter" time="3.413"/>
  <system-out/>
</testsuite> <!-- com.parameters.PathParameterTest -->
