<?xml version="1.0" encoding="UTF-8"?>
<!-- Generated by org.testng.reporters.JUnitReportReporter -->
<testsuite hostname="DESKTOP-9HB5M8C" failures="0" tests="1" name="com.Authentication.BasicAuthTest" time="11.343" errors="0" timestamp="2021-07-31T16:06:55 IST" skipped="0">
  <testcase classname="com.Authentication.BasicAuthTest" name="basicAuth" time="11.343"/>
  <system-out/>
</testsuite> <!-- com.Authentication.BasicAuthTest -->
