<?xml version="1.0" encoding="UTF-8"?>
<!-- Generated by org.testng.reporters.JUnitReportReporter -->
<testsuite hostname="DESKTOP-9HB5M8C" failures="0" tests="1" name="com.parameters.HamcrestVerificationTest" time="10.038" errors="0" timestamp="2021-07-31T15:26:52 IST" skipped="0">
  <testcase classname="com.parameters.HamcrestVerificationTest" name="ham" time="10.038"/>
  <system-out/>
</testsuite> <!-- com.parameters.HamcrestVerificationTest -->
