<?xml version="1.0" encoding="UTF-8"?>
<!-- Generated by org.testng.reporters.JUnitReportReporter -->
<testsuite hostname="DESKTOP-9HB5M8C" failures="0" tests="1" name="Assignment_RMG_API.ValidateDynamicResponseFromListUsersTest" time="4.990" errors="0" timestamp="2021-07-31T09:38:29 IST" skipped="0">
  <testcase classname="Assignment_RMG_API.ValidateDynamicResponseFromListUsersTest" name="dynamicResponse" time="4.990"/>
  <system-out/>
</testsuite> <!-- Assignment_RMG_API.ValidateDynamicResponseFromListUsersTest -->
