<?xml version="1.0" encoding="UTF-8"?>
<!-- Generated by org.testng.reporters.JUnitReportReporter -->
<testsuite hostname="DESKTOP-9HB5M8C" failures="0" tests="1" name="Assignment_RMG_API.deleteSingleProject" time="3.453" errors="0" timestamp="2021-07-30T10:41:02 IST" skipped="0">
  <testcase classname="Assignment_RMG_API.deleteSingleProject" name="deleteprojects" time="3.453"/>
  <system-out/>
</testsuite> <!-- Assignment_RMG_API.deleteSingleProject -->
