<?xml version="1.0" encoding="UTF-8"?>
<!-- Generated by org.testng.reporters.JUnitReportReporter -->
<testsuite hostname="DESKTOP-9HB5M8C" failures="0" tests="1" name="com.rmgyantra.fourWaysToPostRequest.CreateProjectTest" time="9.548" errors="0" timestamp="2021-07-29T17:46:59 IST" skipped="0">
  <testcase classname="com.rmgyantra.fourWaysToPostRequest.CreateProjectTest" name="create" time="9.548"/>
  <system-out/>
</testsuite> <!-- com.rmgyantra.fourWaysToPostRequest.CreateProjectTest -->
