<?xml version="1.0" encoding="UTF-8"?>
<!-- Generated by org.testng.reporters.JUnitReportReporter -->
<testsuite hostname="DESKTOP-9HB5M8C" failures="0" tests="1" name="Assignment_RMG_API.GetTheSingleprojectTest" time="3.587" errors="0" timestamp="2021-07-30T10:35:12 IST" skipped="0">
  <testcase classname="Assignment_RMG_API.GetTheSingleprojectTest" name="getSingleProject" time="3.587"/>
  <system-out/>
</testsuite> <!-- Assignment_RMG_API.GetTheSingleprojectTest -->
