<?xml version="1.0" encoding="UTF-8"?>
<!-- Generated by org.testng.reporters.JUnitReportReporter -->
<testsuite hostname="DESKTOP-9HB5M8C" failures="0" tests="1" name="ResponseValidation.ValidateStaticResponseTest1" time="4.989" errors="0" timestamp="2021-07-31T00:11:16 IST" skipped="0">
  <testcase classname="ResponseValidation.ValidateStaticResponseTest1" name="staticResponse" time="4.989"/>
  <system-out/>
</testsuite> <!-- ResponseValidation.ValidateStaticResponseTest1 -->
