<?xml version="1.0" encoding="UTF-8"?>
<!-- Generated by org.testng.reporters.JUnitReportReporter -->
<testsuite hostname="DESKTOP-9HB5M8C" failures="0" tests="1" name="Assingment_Rmg_Api_Employee.RequestChainingPostGetAndDeleteTest" time="6.127" errors="0" timestamp="2021-08-01T10:46:20 IST" skipped="0">
  <testcase classname="Assingment_Rmg_Api_Employee.RequestChainingPostGetAndDeleteTest" name="requestChaining" time="6.127"/>
  <system-out/>
</testsuite> <!-- Assingment_Rmg_Api_Employee.RequestChainingPostGetAndDeleteTest -->
