<?xml version="1.0" encoding="UTF-8"?>
<!-- Generated by org.testng.reporters.JUnitReportReporter -->
<testsuite hostname="DESKTOP-9HB5M8C" failures="0" tests="1" name="Assingment_Rmg_Api_Employee.RMG_API_Employee_02" time="3.528" errors="0" timestamp="2021-07-31T22:10:55 IST" skipped="0">
  <testcase classname="Assingment_Rmg_Api_Employee.RMG_API_Employee_02" name="jsonFile" time="3.528"/>
  <system-out/>
</testsuite> <!-- Assingment_Rmg_Api_Employee.RMG_API_Employee_02 -->
