<?xml version="1.0" encoding="UTF-8"?>
<!-- Generated by org.testng.reporters.JUnitReportReporter -->
<testsuite hostname="DESKTOP-9HB5M8C" failures="0" tests="1" name="crudOperation_withbddTest.CompleteUpdateTest" time="11.221" errors="0" timestamp="2021-07-29T17:18:56 IST" skipped="0">
  <testcase classname="crudOperation_withbddTest.CompleteUpdateTest" name="update" time="11.221"/>
  <system-out/>
</testsuite> <!-- crudOperation_withbddTest.CompleteUpdateTest -->
