<?xml version="1.0" encoding="UTF-8"?>
<!-- Generated by org.testng.reporters.JUnitReportReporter -->
<testsuite hostname="DESKTOP-9HB5M8C" failures="0" tests="1" name="com.RequestChaining.ChainingTest" time="11.974" errors="0" timestamp="2021-07-31T15:43:30 IST" skipped="0">
  <testcase classname="com.RequestChaining.ChainingTest" name="chain" time="11.974"/>
  <system-out/>
</testsuite> <!-- com.RequestChaining.ChainingTest -->
