<?xml version="1.0" encoding="UTF-8"?>
<!-- Generated by org.testng.reporters.JUnitReportReporter -->
<testsuite hostname="DESKTOP-9HB5M8C" failures="0" tests="1" name="Assingment_Rmg_Api_Employee.updateEmployeeByEmployeeIdpathparameter" time="4.421" errors="0" timestamp="2021-07-31T22:52:04 IST" skipped="0">
  <testcase classname="Assingment_Rmg_Api_Employee.updateEmployeeByEmployeeIdpathparameter" name="updateEmployee" time="4.421"/>
  <system-out/>
</testsuite> <!-- Assingment_Rmg_Api_Employee.updateEmployeeByEmployeeIdpathparameter -->
