<?xml version="1.0" encoding="UTF-8"?>
<!-- Generated by org.testng.reporters.JUnitReportReporter -->
<testsuite hostname="DESKTOP-9HB5M8C" failures="0" tests="4" name="ResponseValidation.CreateProjectUsingmultipleDataTest1" time="0.027" errors="0" timestamp="2021-07-31T00:32:46 IST" skipped="0">
  <testcase classname="ResponseValidation.CreateProjectUsingmultipleDataTest1" name="CreateData" time="0.015"/>
  <system-out/>
  <testcase classname="ResponseValidation.CreateProjectUsingmultipleDataTest1" name="CreateData" time="0.004"/>
  <system-out/>
  <testcase classname="ResponseValidation.CreateProjectUsingmultipleDataTest1" name="CreateData" time="0.003"/>
  <system-out/>
  <testcase classname="ResponseValidation.CreateProjectUsingmultipleDataTest1" name="CreateData" time="0.005"/>
  <system-out/>
</testsuite> <!-- ResponseValidation.CreateProjectUsingmultipleDataTest1 -->
