<?xml version="1.0" encoding="UTF-8"?>
<!-- Generated by org.testng.reporters.JUnitReportReporter -->
<testsuite hostname="DESKTOP-9HB5M8C" failures="0" tests="1" name="com.parameters.QuerryParameterTest" time="6.664" errors="0" timestamp="2021-07-31T12:15:48 IST" skipped="0">
  <testcase classname="com.parameters.QuerryParameterTest" name="parameter" time="6.664"/>
  <system-out/>
</testsuite> <!-- com.parameters.QuerryParameterTest -->
