<?xml version="1.0" encoding="UTF-8"?>
<!-- Generated by org.testng.reporters.JUnitReportReporter -->
<testsuite hostname="DESKTOP-9HB5M8C" failures="0" tests="1" name="crudOperation_withbddTest.GetAllProjectTest" time="3.541" errors="0" timestamp="2021-07-31T23:00:47 IST" skipped="0">
  <testcase classname="crudOperation_withbddTest.GetAllProjectTest" name="getProjects" time="3.541"/>
  <system-out/>
</testsuite> <!-- crudOperation_withbddTest.GetAllProjectTest -->
