<?xml version="1.0" encoding="UTF-8"?>
<!-- Generated by org.testng.reporters.JUnitReportReporter -->
<testsuite hostname="DESKTOP-9HB5M8C" failures="0" tests="1" name="com.Authentication.BasicAuth2test" time="12.011" errors="0" timestamp="2021-07-31T17:08:11 IST" skipped="0">
  <testcase classname="com.Authentication.BasicAuth2test" name="auth2" time="12.011"/>
  <system-out/>
</testsuite> <!-- com.Authentication.BasicAuth2test -->
