<?xml version="1.0" encoding="UTF-8"?>
<!-- Generated by org.testng.reporters.JUnitReportReporter -->
<testsuite hostname="DESKTOP-9HB5M8C" failures="0" tests="1" name="com.rmgyantra.fourWaysToPostRequest.CreateUsingpojotest" time="11.466" errors="0" timestamp="2021-07-30T13:19:56 IST" skipped="0">
  <testcase classname="com.rmgyantra.fourWaysToPostRequest.CreateUsingpojotest" name="createpojo" time="11.466"/>
  <system-out/>
</testsuite> <!-- com.rmgyantra.fourWaysToPostRequest.CreateUsingpojotest -->
