<?xml version="1.0" encoding="UTF-8"?>
<!-- Generated by org.testng.reporters.JUnitReportReporter -->
<testsuite hostname="DESKTOP-9HB5M8C" failures="0" tests="1" name="Assingment_Rmg_Api_Employee.getEmployeeByuserName" time="3.358" errors="0" timestamp="2021-07-31T23:03:47 IST" skipped="0">
  <testcase classname="Assingment_Rmg_Api_Employee.getEmployeeByuserName" name="getEmployee" time="3.358"/>
  <system-out/>
</testsuite> <!-- Assingment_Rmg_Api_Employee.getEmployeeByuserName -->
