<?xml version="1.0" encoding="UTF-8"?>
<!-- Generated by org.testng.reporters.JUnitReportReporter -->
<testsuite hostname="DESKTOP-9HB5M8C" failures="0" tests="1" name="com.parameters.FormParameterTest" time="7.030" errors="0" timestamp="2021-07-31T12:20:55 IST" skipped="0">
  <testcase classname="com.parameters.FormParameterTest" name="parameter" time="7.030"/>
  <system-out/>
</testsuite> <!-- com.parameters.FormParameterTest -->
