<?xml version="1.0" encoding="UTF-8"?>
<!-- Generated by org.testng.reporters.JUnitReportReporter -->
<testsuite hostname="DESKTOP-9HB5M8C" failures="0" tests="1" name="Assignment_RMG_API.RmgApiTest2" time="4.519" errors="0" timestamp="2021-07-30T00:15:50 IST" skipped="0">
  <testcase classname="Assignment_RMG_API.RmgApiTest2" name="create" time="4.519"/>
  <system-out/>
</testsuite> <!-- Assignment_RMG_API.RmgApiTest2 -->
