<?xml version="1.0" encoding="UTF-8"?>
<!-- Generated by org.testng.reporters.JUnitReportReporter -->
<testsuite hostname="DESKTOP-9HB5M8C" failures="0" tests="1" name="ResponseValidation.ValidateStaticResponseTest" time="5.275" errors="0" timestamp="2021-07-31T00:48:50 IST" skipped="0">
  <testcase classname="ResponseValidation.ValidateStaticResponseTest" name="staticResponse" time="5.275"/>
  <system-out/>
</testsuite> <!-- ResponseValidation.ValidateStaticResponseTest -->
