<?xml version="1.0" encoding="UTF-8"?>
<!-- Generated by org.testng.reporters.JUnitReportReporter -->
<testsuite hostname="DESKTOP-9HB5M8C" failures="0" tests="1" name="crudOperation_withoutBDD.GetAllProject" time="6.157" errors="0" timestamp="2021-07-29T13:27:44 IST" skipped="0">
  <testcase classname="crudOperation_withoutBDD.GetAllProject" name="getallProject" time="6.157"/>
  <system-out/>
</testsuite> <!-- crudOperation_withoutBDD.GetAllProject -->
