<?xml version="1.0" encoding="UTF-8"?>
<!-- Generated by org.testng.reporters.JUnitReportReporter -->
<testsuite hostname="DESKTOP-9HB5M8C" failures="0" tests="1" name="com.rmgyantra.fourWaysToPostRequest.UsingHashMapTest" time="10.968" errors="0" timestamp="2021-07-29T17:40:46 IST" skipped="0">
  <testcase classname="com.rmgyantra.fourWaysToPostRequest.UsingHashMapTest" name="createUsingmap" time="10.968"/>
  <system-out/>
</testsuite> <!-- com.rmgyantra.fourWaysToPostRequest.UsingHashMapTest -->
