<?xml version="1.0" encoding="UTF-8"?>
<!-- Generated by org.testng.reporters.JUnitReportReporter -->
<testsuite hostname="DESKTOP-9HB5M8C" failures="0" tests="1" name="com.rmgyantra.fourWaysToPostRequest.UsingJsonFile" time="3.457" errors="0" timestamp="2021-07-31T21:41:39 IST" skipped="0">
  <testcase classname="com.rmgyantra.fourWaysToPostRequest.UsingJsonFile" name="jsonFileCreate" time="3.457"/>
  <system-out/>
</testsuite> <!-- com.rmgyantra.fourWaysToPostRequest.UsingJsonFile -->
