<?xml version="1.0" encoding="UTF-8"?>
<!-- Generated by org.testng.reporters.JUnitReportReporter -->
<testsuite hostname="DESKTOP-9HB5M8C" failures="0" tests="1" name="crudOperation_withoutBDD.CompleteUpdationTest" time="9.511" errors="0" timestamp="2021-07-29T17:29:39 IST" skipped="0">
  <testcase classname="crudOperation_withoutBDD.CompleteUpdationTest" name="updation" time="9.511"/>
  <system-out/>
</testsuite> <!-- crudOperation_withoutBDD.CompleteUpdationTest -->
